D:\PROYECTOS\XPROJECT\DEBUG\XPROJECT.EXE
D:\PROYECTOS\XPROJECT\DEBUG\XPROJECT.ILK
D:\PROYECTOS\XPROJECT\DEBUG\XPROJECT.PDB
D:\PROYECTOS\XPROJECT\XPROJECT\DEBUG\.NETFRAMEWORK,VERSION=V4.0.ASSEMBLYATTRIBUTES.OBJ
D:\PROYECTOS\XPROJECT\XPROJECT\DEBUG\LEXER.OBJ
D:\PROYECTOS\XPROJECT\XPROJECT\DEBUG\MAIN.OBJ
D:\PROYECTOS\XPROJECT\XPROJECT\DEBUG\VC100.PDB
D:\PROYECTOS\XPROJECT\XPROJECT\DEBUG\XPROJECT.EXE.INTERMEDIATE.MANIFEST
F:\PROYECTOS\XPROJECT\DEBUG\XPROJECT.EXE
F:\PROYECTOS\XPROJECT\DEBUG\XPROJECT.ILK
F:\PROYECTOS\XPROJECT\DEBUG\XPROJECT.PDB
F:\PROYECTOS\XPROJECT\XPROJECT\DEBUG\.NETFRAMEWORK,VERSION=V4.0.ASSEMBLYATTRIBUTES.OBJ
F:\Proyectos\XProject\XProject\Debug\cl.command.1.tlog
F:\Proyectos\XProject\XProject\Debug\CL.read.1.tlog
F:\Proyectos\XProject\XProject\Debug\CL.write.1.tlog
F:\PROYECTOS\XPROJECT\XPROJECT\DEBUG\LEXER.OBJ
F:\Proyectos\XProject\XProject\Debug\link.1028.read.1.tlog
F:\Proyectos\XProject\XProject\Debug\link.1028.write.1.tlog
F:\Proyectos\XProject\XProject\Debug\link.1140.read.1.tlog
F:\Proyectos\XProject\XProject\Debug\link.1140.write.1.tlog
F:\Proyectos\XProject\XProject\Debug\link.1152.read.1.tlog
F:\Proyectos\XProject\XProject\Debug\link.1152.write.1.tlog
F:\Proyectos\XProject\XProject\Debug\link.1160.read.1.tlog
F:\Proyectos\XProject\XProject\Debug\link.1160.write.1.tlog
F:\Proyectos\XProject\XProject\Debug\link.1172.read.1.tlog
F:\Proyectos\XProject\XProject\Debug\link.1172.write.1.tlog
F:\Proyectos\XProject\XProject\Debug\link.1240.read.1.tlog
F:\Proyectos\XProject\XProject\Debug\link.1240.write.1.tlog
F:\Proyectos\XProject\XProject\Debug\link.1296.read.1.tlog
F:\Proyectos\XProject\XProject\Debug\link.1296.write.1.tlog
F:\Proyectos\XProject\XProject\Debug\link.1464.read.1.tlog
F:\Proyectos\XProject\XProject\Debug\link.1464.write.1.tlog
F:\Proyectos\XProject\XProject\Debug\link.1468.read.1.tlog
F:\Proyectos\XProject\XProject\Debug\link.1468.write.1.tlog
F:\Proyectos\XProject\XProject\Debug\link.1532.read.1.tlog
F:\Proyectos\XProject\XProject\Debug\link.1532.write.1.tlog
F:\Proyectos\XProject\XProject\Debug\link.1548.read.1.tlog
F:\Proyectos\XProject\XProject\Debug\link.1548.write.1.tlog
F:\Proyectos\XProject\XProject\Debug\link.1584.read.1.tlog
F:\Proyectos\XProject\XProject\Debug\link.1584.write.1.tlog
F:\Proyectos\XProject\XProject\Debug\link.1712.read.1.tlog
F:\Proyectos\XProject\XProject\Debug\link.1712.write.1.tlog
F:\Proyectos\XProject\XProject\Debug\link.1728.read.1.tlog
F:\Proyectos\XProject\XProject\Debug\link.1728.write.1.tlog
F:\Proyectos\XProject\XProject\Debug\link.1732.read.1.tlog
F:\Proyectos\XProject\XProject\Debug\link.1732.write.1.tlog
F:\Proyectos\XProject\XProject\Debug\link.1784.read.1.tlog
F:\Proyectos\XProject\XProject\Debug\link.1784.write.1.tlog
F:\Proyectos\XProject\XProject\Debug\link.2016.read.1.tlog
F:\Proyectos\XProject\XProject\Debug\link.2016.write.1.tlog
F:\Proyectos\XProject\XProject\Debug\link.2036.read.1.tlog
F:\Proyectos\XProject\XProject\Debug\link.2036.write.1.tlog
F:\Proyectos\XProject\XProject\Debug\link.2192.read.1.tlog
F:\Proyectos\XProject\XProject\Debug\link.2192.write.1.tlog
F:\Proyectos\XProject\XProject\Debug\link.2196.read.1.tlog
F:\Proyectos\XProject\XProject\Debug\link.2196.write.1.tlog
F:\Proyectos\XProject\XProject\Debug\link.220.read.1.tlog
F:\Proyectos\XProject\XProject\Debug\link.220.write.1.tlog
F:\Proyectos\XProject\XProject\Debug\link.2200.read.1.tlog
F:\Proyectos\XProject\XProject\Debug\link.2200.write.1.tlog
F:\Proyectos\XProject\XProject\Debug\link.2224.read.1.tlog
F:\Proyectos\XProject\XProject\Debug\link.2224.write.1.tlog
F:\Proyectos\XProject\XProject\Debug\link.2288.read.1.tlog
F:\Proyectos\XProject\XProject\Debug\link.2288.write.1.tlog
F:\Proyectos\XProject\XProject\Debug\link.2312.read.1.tlog
F:\Proyectos\XProject\XProject\Debug\link.2312.write.1.tlog
F:\Proyectos\XProject\XProject\Debug\link.2372.read.1.tlog
F:\Proyectos\XProject\XProject\Debug\link.2372.write.1.tlog
F:\Proyectos\XProject\XProject\Debug\link.2568.read.1.tlog
F:\Proyectos\XProject\XProject\Debug\link.2568.write.1.tlog
F:\Proyectos\XProject\XProject\Debug\link.2596.read.1.tlog
F:\Proyectos\XProject\XProject\Debug\link.2596.write.1.tlog
F:\Proyectos\XProject\XProject\Debug\link.2912.read.1.tlog
F:\Proyectos\XProject\XProject\Debug\link.2912.write.1.tlog
F:\Proyectos\XProject\XProject\Debug\link.2992.read.1.tlog
F:\Proyectos\XProject\XProject\Debug\link.2992.write.1.tlog
F:\Proyectos\XProject\XProject\Debug\link.3012.read.1.tlog
F:\Proyectos\XProject\XProject\Debug\link.3012.write.1.tlog
F:\Proyectos\XProject\XProject\Debug\link.3188.read.1.tlog
F:\Proyectos\XProject\XProject\Debug\link.3188.write.1.tlog
F:\Proyectos\XProject\XProject\Debug\link.320.read.1.tlog
F:\Proyectos\XProject\XProject\Debug\link.320.write.1.tlog
F:\Proyectos\XProject\XProject\Debug\link.3256.read.1.tlog
F:\Proyectos\XProject\XProject\Debug\link.3256.write.1.tlog
F:\Proyectos\XProject\XProject\Debug\link.3308.read.1.tlog
F:\Proyectos\XProject\XProject\Debug\link.3308.write.1.tlog
F:\Proyectos\XProject\XProject\Debug\link.3348.read.1.tlog
F:\Proyectos\XProject\XProject\Debug\link.3348.write.1.tlog
F:\Proyectos\XProject\XProject\Debug\link.3368.read.1.tlog
F:\Proyectos\XProject\XProject\Debug\link.3368.write.1.tlog
F:\Proyectos\XProject\XProject\Debug\link.3416.read.1.tlog
F:\Proyectos\XProject\XProject\Debug\link.3416.write.1.tlog
F:\Proyectos\XProject\XProject\Debug\link.3572.read.1.tlog
F:\Proyectos\XProject\XProject\Debug\link.3572.write.1.tlog
F:\Proyectos\XProject\XProject\Debug\link.3648.read.1.tlog
F:\Proyectos\XProject\XProject\Debug\link.3648.write.1.tlog
F:\Proyectos\XProject\XProject\Debug\link.3692.read.1.tlog
F:\Proyectos\XProject\XProject\Debug\link.3692.write.1.tlog
F:\Proyectos\XProject\XProject\Debug\link.3732.read.1.tlog
F:\Proyectos\XProject\XProject\Debug\link.3732.write.1.tlog
F:\Proyectos\XProject\XProject\Debug\link.3752.read.1.tlog
F:\Proyectos\XProject\XProject\Debug\link.3752.write.1.tlog
F:\Proyectos\XProject\XProject\Debug\link.3768.read.1.tlog
F:\Proyectos\XProject\XProject\Debug\link.3768.write.1.tlog
F:\Proyectos\XProject\XProject\Debug\link.3780.read.1.tlog
F:\Proyectos\XProject\XProject\Debug\link.3780.write.1.tlog
F:\Proyectos\XProject\XProject\Debug\link.3860.read.1.tlog
F:\Proyectos\XProject\XProject\Debug\link.3860.write.1.tlog
F:\Proyectos\XProject\XProject\Debug\link.3888.read.1.tlog
F:\Proyectos\XProject\XProject\Debug\link.3888.write.1.tlog
F:\Proyectos\XProject\XProject\Debug\link.3892.read.1.tlog
F:\Proyectos\XProject\XProject\Debug\link.3892.write.1.tlog
F:\Proyectos\XProject\XProject\Debug\link.3964.read.1.tlog
F:\Proyectos\XProject\XProject\Debug\link.3964.write.1.tlog
F:\Proyectos\XProject\XProject\Debug\link.4016.read.1.tlog
F:\Proyectos\XProject\XProject\Debug\link.4016.write.1.tlog
F:\Proyectos\XProject\XProject\Debug\link.4052.read.1.tlog
F:\Proyectos\XProject\XProject\Debug\link.4052.write.1.tlog
F:\Proyectos\XProject\XProject\Debug\link.4136.read.1.tlog
F:\Proyectos\XProject\XProject\Debug\link.4136.write.1.tlog
F:\Proyectos\XProject\XProject\Debug\link.4168.read.1.tlog
F:\Proyectos\XProject\XProject\Debug\link.4168.write.1.tlog
F:\Proyectos\XProject\XProject\Debug\link.4248.read.1.tlog
F:\Proyectos\XProject\XProject\Debug\link.4248.write.1.tlog
F:\Proyectos\XProject\XProject\Debug\link.4304.read.1.tlog
F:\Proyectos\XProject\XProject\Debug\link.4304.write.1.tlog
F:\Proyectos\XProject\XProject\Debug\link.4336.read.1.tlog
F:\Proyectos\XProject\XProject\Debug\link.4336.write.1.tlog
F:\Proyectos\XProject\XProject\Debug\link.4344.read.1.tlog
F:\Proyectos\XProject\XProject\Debug\link.4344.write.1.tlog
F:\Proyectos\XProject\XProject\Debug\link.4384.read.1.tlog
F:\Proyectos\XProject\XProject\Debug\link.4384.write.1.tlog
F:\Proyectos\XProject\XProject\Debug\link.4388.read.1.tlog
F:\Proyectos\XProject\XProject\Debug\link.4388.write.1.tlog
F:\Proyectos\XProject\XProject\Debug\link.4392.read.1.tlog
F:\Proyectos\XProject\XProject\Debug\link.4392.write.1.tlog
F:\Proyectos\XProject\XProject\Debug\link.4412.read.1.tlog
F:\Proyectos\XProject\XProject\Debug\link.4412.write.1.tlog
F:\Proyectos\XProject\XProject\Debug\link.4464.read.1.tlog
F:\Proyectos\XProject\XProject\Debug\link.4464.write.1.tlog
F:\Proyectos\XProject\XProject\Debug\link.4496.read.1.tlog
F:\Proyectos\XProject\XProject\Debug\link.4496.write.1.tlog
F:\Proyectos\XProject\XProject\Debug\link.4512.read.1.tlog
F:\Proyectos\XProject\XProject\Debug\link.4512.write.1.tlog
F:\Proyectos\XProject\XProject\Debug\link.4572.read.1.tlog
F:\Proyectos\XProject\XProject\Debug\link.4572.write.1.tlog
F:\Proyectos\XProject\XProject\Debug\link.4584.read.1.tlog
F:\Proyectos\XProject\XProject\Debug\link.4584.write.1.tlog
F:\Proyectos\XProject\XProject\Debug\link.4612.read.1.tlog
F:\Proyectos\XProject\XProject\Debug\link.4612.write.1.tlog
F:\Proyectos\XProject\XProject\Debug\link.4636.read.1.tlog
F:\Proyectos\XProject\XProject\Debug\link.4636.write.1.tlog
F:\Proyectos\XProject\XProject\Debug\link.4672.read.1.tlog
F:\Proyectos\XProject\XProject\Debug\link.4672.write.1.tlog
F:\Proyectos\XProject\XProject\Debug\link.4716.read.1.tlog
F:\Proyectos\XProject\XProject\Debug\link.4716.write.1.tlog
F:\Proyectos\XProject\XProject\Debug\link.4756.read.1.tlog
F:\Proyectos\XProject\XProject\Debug\link.4756.write.1.tlog
F:\Proyectos\XProject\XProject\Debug\link.4776.read.1.tlog
F:\Proyectos\XProject\XProject\Debug\link.4776.write.1.tlog
F:\Proyectos\XProject\XProject\Debug\link.4784.read.1.tlog
F:\Proyectos\XProject\XProject\Debug\link.4784.write.1.tlog
F:\Proyectos\XProject\XProject\Debug\link.4820.read.1.tlog
F:\Proyectos\XProject\XProject\Debug\link.4820.write.1.tlog
F:\Proyectos\XProject\XProject\Debug\link.4832.read.1.tlog
F:\Proyectos\XProject\XProject\Debug\link.4832.write.1.tlog
F:\Proyectos\XProject\XProject\Debug\link.4844.read.1.tlog
F:\Proyectos\XProject\XProject\Debug\link.4844.write.1.tlog
F:\Proyectos\XProject\XProject\Debug\link.4856.read.1.tlog
F:\Proyectos\XProject\XProject\Debug\link.4856.write.1.tlog
F:\Proyectos\XProject\XProject\Debug\link.4868.read.1.tlog
F:\Proyectos\XProject\XProject\Debug\link.4868.write.1.tlog
F:\Proyectos\XProject\XProject\Debug\link.4904.read.1.tlog
F:\Proyectos\XProject\XProject\Debug\link.4904.write.1.tlog
F:\Proyectos\XProject\XProject\Debug\link.4960.read.1.tlog
F:\Proyectos\XProject\XProject\Debug\link.4960.write.1.tlog
F:\Proyectos\XProject\XProject\Debug\link.4972.read.1.tlog
F:\Proyectos\XProject\XProject\Debug\link.4972.write.1.tlog
F:\Proyectos\XProject\XProject\Debug\link.4992.read.1.tlog
F:\Proyectos\XProject\XProject\Debug\link.4992.write.1.tlog
F:\Proyectos\XProject\XProject\Debug\link.5032.read.1.tlog
F:\Proyectos\XProject\XProject\Debug\link.5032.write.1.tlog
F:\Proyectos\XProject\XProject\Debug\link.5044.read.1.tlog
F:\Proyectos\XProject\XProject\Debug\link.5044.write.1.tlog
F:\Proyectos\XProject\XProject\Debug\link.5080.read.1.tlog
F:\Proyectos\XProject\XProject\Debug\link.5080.write.1.tlog
F:\Proyectos\XProject\XProject\Debug\link.5124.read.1.tlog
F:\Proyectos\XProject\XProject\Debug\link.5124.write.1.tlog
F:\Proyectos\XProject\XProject\Debug\link.5132.read.1.tlog
F:\Proyectos\XProject\XProject\Debug\link.5132.write.1.tlog
F:\Proyectos\XProject\XProject\Debug\link.5136.read.1.tlog
F:\Proyectos\XProject\XProject\Debug\link.5136.write.1.tlog
F:\Proyectos\XProject\XProject\Debug\link.5156.read.1.tlog
F:\Proyectos\XProject\XProject\Debug\link.5156.write.1.tlog
F:\Proyectos\XProject\XProject\Debug\link.5200.read.1.tlog
F:\Proyectos\XProject\XProject\Debug\link.5200.write.1.tlog
F:\Proyectos\XProject\XProject\Debug\link.5244.read.1.tlog
F:\Proyectos\XProject\XProject\Debug\link.5244.write.1.tlog
F:\Proyectos\XProject\XProject\Debug\link.5272.read.1.tlog
F:\Proyectos\XProject\XProject\Debug\link.5272.write.1.tlog
F:\Proyectos\XProject\XProject\Debug\link.5288.read.1.tlog
F:\Proyectos\XProject\XProject\Debug\link.5288.write.1.tlog
F:\Proyectos\XProject\XProject\Debug\link.5344.read.1.tlog
F:\Proyectos\XProject\XProject\Debug\link.5344.write.1.tlog
F:\Proyectos\XProject\XProject\Debug\link.5360.read.1.tlog
F:\Proyectos\XProject\XProject\Debug\link.5360.write.1.tlog
F:\Proyectos\XProject\XProject\Debug\link.5392.read.1.tlog
F:\Proyectos\XProject\XProject\Debug\link.5392.write.1.tlog
F:\Proyectos\XProject\XProject\Debug\link.5428.read.1.tlog
F:\Proyectos\XProject\XProject\Debug\link.5428.write.1.tlog
F:\Proyectos\XProject\XProject\Debug\link.5472.read.1.tlog
F:\Proyectos\XProject\XProject\Debug\link.5472.write.1.tlog
F:\Proyectos\XProject\XProject\Debug\link.5504.read.1.tlog
F:\Proyectos\XProject\XProject\Debug\link.5504.write.1.tlog
F:\Proyectos\XProject\XProject\Debug\link.5520.read.1.tlog
F:\Proyectos\XProject\XProject\Debug\link.5520.write.1.tlog
F:\Proyectos\XProject\XProject\Debug\link.5532.read.1.tlog
F:\Proyectos\XProject\XProject\Debug\link.5532.write.1.tlog
F:\Proyectos\XProject\XProject\Debug\link.5552.read.1.tlog
F:\Proyectos\XProject\XProject\Debug\link.5552.write.1.tlog
F:\Proyectos\XProject\XProject\Debug\link.5576.read.1.tlog
F:\Proyectos\XProject\XProject\Debug\link.5576.write.1.tlog
F:\Proyectos\XProject\XProject\Debug\link.5612.read.1.tlog
F:\Proyectos\XProject\XProject\Debug\link.5612.write.1.tlog
F:\Proyectos\XProject\XProject\Debug\link.5648.read.1.tlog
F:\Proyectos\XProject\XProject\Debug\link.5648.write.1.tlog
F:\Proyectos\XProject\XProject\Debug\link.5708.read.1.tlog
F:\Proyectos\XProject\XProject\Debug\link.5708.write.1.tlog
F:\Proyectos\XProject\XProject\Debug\link.5736.read.1.tlog
F:\Proyectos\XProject\XProject\Debug\link.5736.write.1.tlog
F:\Proyectos\XProject\XProject\Debug\link.5740.read.1.tlog
F:\Proyectos\XProject\XProject\Debug\link.5740.write.1.tlog
F:\Proyectos\XProject\XProject\Debug\link.5744.read.1.tlog
F:\Proyectos\XProject\XProject\Debug\link.5744.write.1.tlog
F:\Proyectos\XProject\XProject\Debug\link.5768.read.1.tlog
F:\Proyectos\XProject\XProject\Debug\link.5768.write.1.tlog
F:\Proyectos\XProject\XProject\Debug\link.5788.read.1.tlog
F:\Proyectos\XProject\XProject\Debug\link.5788.write.1.tlog
F:\Proyectos\XProject\XProject\Debug\link.5792.read.1.tlog
F:\Proyectos\XProject\XProject\Debug\link.5792.write.1.tlog
F:\Proyectos\XProject\XProject\Debug\link.5824.read.1.tlog
F:\Proyectos\XProject\XProject\Debug\link.5824.write.1.tlog
F:\Proyectos\XProject\XProject\Debug\link.5856.read.1.tlog
F:\Proyectos\XProject\XProject\Debug\link.5856.write.1.tlog
F:\Proyectos\XProject\XProject\Debug\link.5860.read.1.tlog
F:\Proyectos\XProject\XProject\Debug\link.5860.write.1.tlog
F:\Proyectos\XProject\XProject\Debug\link.5920.read.1.tlog
F:\Proyectos\XProject\XProject\Debug\link.5920.write.1.tlog
F:\Proyectos\XProject\XProject\Debug\link.5980.read.1.tlog
F:\Proyectos\XProject\XProject\Debug\link.5980.write.1.tlog
F:\Proyectos\XProject\XProject\Debug\link.5988.read.1.tlog
F:\Proyectos\XProject\XProject\Debug\link.5988.write.1.tlog
F:\Proyectos\XProject\XProject\Debug\link.5992.read.1.tlog
F:\Proyectos\XProject\XProject\Debug\link.5992.write.1.tlog
F:\Proyectos\XProject\XProject\Debug\link.6000.read.1.tlog
F:\Proyectos\XProject\XProject\Debug\link.6000.write.1.tlog
F:\Proyectos\XProject\XProject\Debug\link.6080.read.1.tlog
F:\Proyectos\XProject\XProject\Debug\link.6080.write.1.tlog
F:\Proyectos\XProject\XProject\Debug\link.6084.read.1.tlog
F:\Proyectos\XProject\XProject\Debug\link.6084.write.1.tlog
F:\Proyectos\XProject\XProject\Debug\link.6088.read.1.tlog
F:\Proyectos\XProject\XProject\Debug\link.6088.write.1.tlog
F:\Proyectos\XProject\XProject\Debug\link.6112.read.1.tlog
F:\Proyectos\XProject\XProject\Debug\link.6112.write.1.tlog
F:\Proyectos\XProject\XProject\Debug\link.6176.read.1.tlog
F:\Proyectos\XProject\XProject\Debug\link.6176.write.1.tlog
F:\Proyectos\XProject\XProject\Debug\link.6192.read.1.tlog
F:\Proyectos\XProject\XProject\Debug\link.6192.write.1.tlog
F:\Proyectos\XProject\XProject\Debug\link.620.read.1.tlog
F:\Proyectos\XProject\XProject\Debug\link.620.write.1.tlog
F:\Proyectos\XProject\XProject\Debug\link.6228.read.1.tlog
F:\Proyectos\XProject\XProject\Debug\link.6228.write.1.tlog
F:\Proyectos\XProject\XProject\Debug\link.6340.read.1.tlog
F:\Proyectos\XProject\XProject\Debug\link.6340.write.1.tlog
F:\Proyectos\XProject\XProject\Debug\link.6376.read.1.tlog
F:\Proyectos\XProject\XProject\Debug\link.6376.write.1.tlog
F:\Proyectos\XProject\XProject\Debug\link.6392.read.1.tlog
F:\Proyectos\XProject\XProject\Debug\link.6392.write.1.tlog
F:\Proyectos\XProject\XProject\Debug\link.6456.read.1.tlog
F:\Proyectos\XProject\XProject\Debug\link.6456.write.1.tlog
F:\Proyectos\XProject\XProject\Debug\link.6540.read.1.tlog
F:\Proyectos\XProject\XProject\Debug\link.6540.write.1.tlog
F:\Proyectos\XProject\XProject\Debug\link.6556.read.1.tlog
F:\Proyectos\XProject\XProject\Debug\link.6556.write.1.tlog
F:\Proyectos\XProject\XProject\Debug\link.6568.read.1.tlog
F:\Proyectos\XProject\XProject\Debug\link.6568.write.1.tlog
F:\Proyectos\XProject\XProject\Debug\link.6676.read.1.tlog
F:\Proyectos\XProject\XProject\Debug\link.6676.write.1.tlog
F:\Proyectos\XProject\XProject\Debug\link.6700.read.1.tlog
F:\Proyectos\XProject\XProject\Debug\link.6700.write.1.tlog
F:\Proyectos\XProject\XProject\Debug\link.6704.read.1.tlog
F:\Proyectos\XProject\XProject\Debug\link.6704.write.1.tlog
F:\Proyectos\XProject\XProject\Debug\link.6744.read.1.tlog
F:\Proyectos\XProject\XProject\Debug\link.6744.write.1.tlog
F:\Proyectos\XProject\XProject\Debug\link.6796.read.1.tlog
F:\Proyectos\XProject\XProject\Debug\link.6796.write.1.tlog
F:\Proyectos\XProject\XProject\Debug\link.6812.read.1.tlog
F:\Proyectos\XProject\XProject\Debug\link.6812.write.1.tlog
F:\Proyectos\XProject\XProject\Debug\link.6828.read.1.tlog
F:\Proyectos\XProject\XProject\Debug\link.6828.write.1.tlog
F:\Proyectos\XProject\XProject\Debug\link.6836.read.1.tlog
F:\Proyectos\XProject\XProject\Debug\link.6836.write.1.tlog
F:\Proyectos\XProject\XProject\Debug\link.6908.read.1.tlog
F:\Proyectos\XProject\XProject\Debug\link.6908.write.1.tlog
F:\Proyectos\XProject\XProject\Debug\link.6956.read.1.tlog
F:\Proyectos\XProject\XProject\Debug\link.6956.write.1.tlog
F:\Proyectos\XProject\XProject\Debug\link.696.read.1.tlog
F:\Proyectos\XProject\XProject\Debug\link.696.write.1.tlog
F:\Proyectos\XProject\XProject\Debug\link.6960.read.1.tlog
F:\Proyectos\XProject\XProject\Debug\link.6960.write.1.tlog
F:\Proyectos\XProject\XProject\Debug\link.6984.read.1.tlog
F:\Proyectos\XProject\XProject\Debug\link.6984.write.1.tlog
F:\Proyectos\XProject\XProject\Debug\link.7068.read.1.tlog
F:\Proyectos\XProject\XProject\Debug\link.7068.write.1.tlog
F:\Proyectos\XProject\XProject\Debug\link.7096.read.1.tlog
F:\Proyectos\XProject\XProject\Debug\link.7096.write.1.tlog
F:\Proyectos\XProject\XProject\Debug\link.7280.read.1.tlog
F:\Proyectos\XProject\XProject\Debug\link.7280.write.1.tlog
F:\Proyectos\XProject\XProject\Debug\link.7316.read.1.tlog
F:\Proyectos\XProject\XProject\Debug\link.7316.write.1.tlog
F:\Proyectos\XProject\XProject\Debug\link.7320.read.1.tlog
F:\Proyectos\XProject\XProject\Debug\link.7320.write.1.tlog
F:\Proyectos\XProject\XProject\Debug\link.7332.read.1.tlog
F:\Proyectos\XProject\XProject\Debug\link.7332.write.1.tlog
F:\Proyectos\XProject\XProject\Debug\link.7336.read.1.tlog
F:\Proyectos\XProject\XProject\Debug\link.7336.write.1.tlog
F:\Proyectos\XProject\XProject\Debug\link.7352.read.1.tlog
F:\Proyectos\XProject\XProject\Debug\link.7352.write.1.tlog
F:\Proyectos\XProject\XProject\Debug\link.7396.read.1.tlog
F:\Proyectos\XProject\XProject\Debug\link.7396.write.1.tlog
F:\Proyectos\XProject\XProject\Debug\link.7408.read.1.tlog
F:\Proyectos\XProject\XProject\Debug\link.7408.write.1.tlog
F:\Proyectos\XProject\XProject\Debug\link.7504.read.1.tlog
F:\Proyectos\XProject\XProject\Debug\link.7504.write.1.tlog
F:\Proyectos\XProject\XProject\Debug\link.7536.read.1.tlog
F:\Proyectos\XProject\XProject\Debug\link.7536.write.1.tlog
F:\Proyectos\XProject\XProject\Debug\link.7560.read.1.tlog
F:\Proyectos\XProject\XProject\Debug\link.7560.write.1.tlog
F:\Proyectos\XProject\XProject\Debug\link.7584.read.1.tlog
F:\Proyectos\XProject\XProject\Debug\link.7584.write.1.tlog
F:\Proyectos\XProject\XProject\Debug\link.7636.read.1.tlog
F:\Proyectos\XProject\XProject\Debug\link.7636.write.1.tlog
F:\Proyectos\XProject\XProject\Debug\link.7712.read.1.tlog
F:\Proyectos\XProject\XProject\Debug\link.7712.write.1.tlog
F:\Proyectos\XProject\XProject\Debug\link.7716.read.1.tlog
F:\Proyectos\XProject\XProject\Debug\link.7716.write.1.tlog
F:\Proyectos\XProject\XProject\Debug\link.7752.read.1.tlog
F:\Proyectos\XProject\XProject\Debug\link.7752.write.1.tlog
F:\Proyectos\XProject\XProject\Debug\link.7856.read.1.tlog
F:\Proyectos\XProject\XProject\Debug\link.7856.write.1.tlog
F:\Proyectos\XProject\XProject\Debug\link.7936.read.1.tlog
F:\Proyectos\XProject\XProject\Debug\link.7936.write.1.tlog
F:\Proyectos\XProject\XProject\Debug\link.7948.read.1.tlog
F:\Proyectos\XProject\XProject\Debug\link.7948.write.1.tlog
F:\Proyectos\XProject\XProject\Debug\link.7952.read.1.tlog
F:\Proyectos\XProject\XProject\Debug\link.7952.write.1.tlog
F:\Proyectos\XProject\XProject\Debug\link.8092.read.1.tlog
F:\Proyectos\XProject\XProject\Debug\link.8092.write.1.tlog
F:\Proyectos\XProject\XProject\Debug\link.848.read.1.tlog
F:\Proyectos\XProject\XProject\Debug\link.848.write.1.tlog
F:\Proyectos\XProject\XProject\Debug\link.892.read.1.tlog
F:\Proyectos\XProject\XProject\Debug\link.892.write.1.tlog
F:\Proyectos\XProject\XProject\Debug\link.command.1.tlog
F:\Proyectos\XProject\XProject\Debug\link.read.1.tlog
F:\Proyectos\XProject\XProject\Debug\link.write.1.tlog
F:\PROYECTOS\XPROJECT\XPROJECT\DEBUG\MAIN.OBJ
F:\Proyectos\XProject\XProject\Debug\mt.command.1.tlog
F:\Proyectos\XProject\XProject\Debug\mt.read.1.tlog
F:\Proyectos\XProject\XProject\Debug\mt.write.1.tlog
F:\PROYECTOS\XPROJECT\XPROJECT\DEBUG\VC100.PDB
F:\PROYECTOS\XPROJECT\XPROJECT\DEBUG\XPROJECT.EXE.INTERMEDIATE.MANIFEST
