Build started 24/01/2013 20:14:02.
     1>Project "F:\Proyectos\XProject\XProject\XProject.vcxproj" on node 2 (rebuild target(s)).
     1>InitializeBuildStatus:
         Creating "Debug\Lexer LGM.unsuccessfulbuild" because "AlwaysCreate" was specified.
       GenerateTargetFrameworkMonikerAttribute:
       Skipping target "GenerateTargetFrameworkMonikerAttribute" because all output files are up-to-date with respect to the input files.
       ClCompile:
         D:\Program Files\Microsoft Visual Studio 10.0\VC\bin\CL.exe /c /AI"C:\Program Files\Reference Assemblies\Microsoft\Framework\.NETFramework\v4.0" /Zi /clr /nologo /W3 /WX- /Od /Oy- /D WIN32 /D _DEBUG /D _UNICODE /D UNICODE /EHa /MDd /GS /fp:precise /Zc:wchar_t /Zc:forScope /Fo"Debug\\" /Fd"Debug\vc100.pdb" /TP /analyze- /errorReport:prompt Lexer.cpp main.cpp /clr:nostdlib 
         Lexer.cpp
         main.cpp
         Generating Code...
         D:\Program Files\Microsoft Visual Studio 10.0\VC\bin\CL.exe /c /Zi /clr /nologo /W3 /WX- /Od /Oy- /D WIN32 /D _DEBUG /D _UNICODE /D UNICODE /EHa /MDd /GS /fp:precise /Zc:wchar_t /Zc:forScope /Fo"Debug\\" /Fd"Debug\vc100.pdb" /TP /analyze- /errorReport:prompt "C:\Users\Erzaik\AppData\Local\Temp\.NETFramework,Version=v4.0.AssemblyAttributes.cpp"
         .NETFramework,Version=v4.0.AssemblyAttributes.cpp
       Link:
         D:\Program Files\Microsoft Visual Studio 10.0\VC\bin\link.exe /ERRORREPORT:PROMPT /OUT:"F:\Proyectos\XProject\Debug\Lexer LGM.exe" /INCREMENTAL /NOLOGO /MANIFEST /ManifestFile:"Debug\Lexer LGM.exe.intermediate.manifest" /MANIFESTUAC:"level='asInvoker' uiAccess='false'" /DEBUG /PDB:"F:\Proyectos\XProject\Debug\Lexer LGM.pdb" /ASSEMBLYDEBUG /TLBID:1 /DYNAMICBASE /FIXED:NO /NXCOMPAT /MACHINE:X86 Debug\Lexer.obj
         Debug\main.obj
         "Debug\.NETFramework,Version=v4.0.AssemblyAttributes.obj"
         XProject.vcxproj -> F:\Proyectos\XProject\Debug\Lexer LGM.exe
       Manifest:
         C:\Program Files\Microsoft SDKs\Windows\v7.0A\bin\mt.exe /nologo /verbose /outputresource:"F:\Proyectos\XProject\Debug\Lexer LGM.exe;#1" /manifest "Debug\Lexer LGM.exe.intermediate.manifest"
       FinalizeBuildStatus:
         Deleting file "Debug\Lexer LGM.unsuccessfulbuild".
         Touching "Debug\Lexer LGM.lastbuildstate".
     1>Done Building Project "F:\Proyectos\XProject\XProject\XProject.vcxproj" (rebuild target(s)).

Build succeeded.

Time Elapsed 00:00:03.69
